  Source.cpp
C:\Users\galah\Desktop\poly-project-string\Source.cpp(46,1): warning C4305: 'initializing': truncation from 'double' to 'GLfloat'
C:\Users\galah\Desktop\poly-project-string\Source.cpp(126,45): warning C4244: '=': conversion from 'double' to 'float', possible loss of data
C:\Users\galah\Desktop\poly-project-string\Source.cpp(176,40): warning C4244: '=': conversion from 'double' to 'float', possible loss of data
C:\Users\galah\Desktop\poly-project-string\Source.cpp(177,38): warning C4244: '=': conversion from 'double' to 'GLfloat', possible loss of data
C:\Users\galah\Desktop\poly-project-string\Source.cpp(179,42): warning C4244: '=': conversion from 'double' to 'GLfloat', possible loss of data
C:\Users\galah\Desktop\poly-project-string\Source.cpp(180,53): warning C4244: '=': conversion from 'double' to 'float', possible loss of data
C:\Users\galah\Desktop\poly-project-string\Source.cpp(278,147): warning C4244: 'argument': conversion from '_Rep' to 'GLfloat', possible loss of data
          with
          [
              _Rep=double
          ]
C:\Users\galah\Desktop\poly-project-string\Source.cpp(278,175): warning C4305: 'argument': truncation from 'double' to 'GLfloat'
C:\Users\galah\Desktop\poly-project-string\Source.cpp(280,42): warning C4244: '=': conversion from 'double' to 'GLfloat', possible loss of data
C:\Users\galah\Desktop\poly-project-string\Source.cpp(281,46): warning C4244: '=': conversion from 'double' to 'GLfloat', possible loss of data
  Generating code
  11 of 191 functions ( 5.8%) were compiled, the rest were copied from previous compilation.
    0 functions were new in current compilation
    4 functions had inline decision re-evaluated but remain unchanged
  Finished generating code
  poly-project-string.vcxproj -> C:\Users\galah\Desktop\poly-project-string\x64\Release\poly-project-string-opengl.exe
